2021-02-19 10:54:49.288  INFO 8988 --- [main] lavalink.server.Launcher                 : 

[32m       .  [31m _                  _ _       _    [32m__ _ _
[32m      /\\ [31m| | __ ___   ____ _| (_)_ __ | | __[32m\ \ \ \
[32m     ( ( )[31m| |/ _` \ \ / / _` | | | '_ \| |/ /[32m \ \ \ \
[32m      \\/ [31m| | (_| |\ V / (_| | | | | | |   < [32m  ) ) ) )
[32m       '  [31m|_|\__,_| \_/ \__,_|_|_|_| |_|_|\_\[32m / / / /
[0m    =========================================[32m/_/_/_/[0m

	Version:        3943109bb49cd4910e00234f698cc70abd56e13b-SNAPSHOT
	Build:          1163
	Build time:     30.11.2020 11:58:52 UTC
	Branch          master
	Commit:         3943109
	Commit time:    30.11.2020 11:56:14 UTC
	JVM:            15.0.1
	Lavaplayer      1.3.62

2021-02-19 10:54:49.369  INFO 8988 --- [main] lavalink.server.Launcher                 : Starting Launcher on DESKTOP-Q4HKDE5 with PID 8988 (C:\Users\niedz\Desktop\C#\CustomBot\CustomBot\Lavalink.jar started by niedz in C:\Users\niedz\Desktop\C#\CustomBot\CustomBot)
2021-02-19 10:54:49.370  INFO 8988 --- [main] lavalink.server.Launcher                 : No active profile set, falling back to default profiles: default
2021-02-19 10:54:49.431  WARN 8988 --- [background-preinit] o.s.h.c.j.Jackson2ObjectMapperBuilder    : For Jackson Kotlin classes support please add "com.fasterxml.jackson.module:jackson-module-kotlin" to the classpath
2021-02-19 10:54:50.217  WARN 8988 --- [main] io.undertow.websockets.jsr               : UT026010: Buffer pool was not set on WebSocketDeploymentInfo, the default pool will be used
2021-02-19 10:54:50.236  INFO 8988 --- [main] io.undertow.servlet                      : Initializing Spring embedded WebApplicationContext
2021-02-19 10:54:50.236  INFO 8988 --- [main] o.s.web.context.ContextLoader            : Root WebApplicationContext: initialization completed in 827 ms
2021-02-19 10:54:50.502  WARN 8988 --- [main] l.server.config.SentryConfiguration      : Turning off sentry
2021-02-19 10:54:50.740  INFO 8988 --- [main] c.s.d.l.tools.GarbageCollectionMonitor   : GC monitoring enabled, reporting results every 2 minutes.
2021-02-19 10:54:50.893  INFO 8988 --- [main] lavalink.server.config.KoeConfiguration  : OS: Windows 10, Arch: amd64
2021-02-19 10:54:50.894  WARN 8988 --- [main] lavalink.server.config.KoeConfiguration  : This system and architecture appears to not support native audio sending! GC pauses may cause your bot to stutter during playback.
2021-02-19 10:54:51.055  INFO 8988 --- [main] o.s.s.concurrent.ThreadPoolTaskExecutor  : Initializing ExecutorService 'applicationTaskExecutor'
2021-02-19 10:54:51.232  INFO 8988 --- [main] org.xnio                                 : XNIO version 3.3.8.Final
2021-02-19 10:54:51.241  INFO 8988 --- [main] org.xnio.nio                             : XNIO NIO Implementation Version 3.3.8.Final
2021-02-19 10:54:51.280  INFO 8988 --- [main] o.s.b.w.e.u.UndertowServletWebServer     : Undertow started on port(s) 2333 (http) with context path ''
2021-02-19 10:54:51.283  INFO 8988 --- [main] lavalink.server.Launcher                 : Started Launcher in 2.328 seconds (JVM running for 2.852)
2021-02-19 10:54:51.284  INFO 8988 --- [main] lavalink.server.Launcher                 : You can safely ignore the big red warning about illegal reflection. See https://github.com/Frederikam/Lavalink/issues/295
2021-02-19 10:57:19.600  INFO 8988 --- [Thread-1] o.s.s.concurrent.ThreadPoolTaskExecutor  : Shutting down ExecutorService 'applicationTaskExecutor'
2021-02-19 10:57:19.601  INFO 8988 --- [Thread-1] c.s.d.l.tools.GarbageCollectionMonitor   : GC monitoring disabled.
2021-02-19 10:57:25.396  INFO 17200 --- [main] lavalink.server.Launcher                 : 

[32m       .  [31m _                  _ _       _    [32m__ _ _
[32m      /\\ [31m| | __ ___   ____ _| (_)_ __ | | __[32m\ \ \ \
[32m     ( ( )[31m| |/ _` \ \ / / _` | | | '_ \| |/ /[32m \ \ \ \
[32m      \\/ [31m| | (_| |\ V / (_| | | | | | |   < [32m  ) ) ) )
[32m       '  [31m|_|\__,_| \_/ \__,_|_|_|_| |_|_|\_\[32m / / / /
[0m    =========================================[32m/_/_/_/[0m

	Version:        3943109bb49cd4910e00234f698cc70abd56e13b-SNAPSHOT
	Build:          1163
	Build time:     30.11.2020 11:58:52 UTC
	Branch          master
	Commit:         3943109
	Commit time:    30.11.2020 11:56:14 UTC
	JVM:            15.0.1
	Lavaplayer      1.3.62

2021-02-19 10:57:25.466  INFO 17200 --- [main] lavalink.server.Launcher                 : Starting Launcher on DESKTOP-Q4HKDE5 with PID 17200 (C:\Users\niedz\Desktop\C#\CustomBot\CustomBot\Lavalink.jar started by niedz in C:\Users\niedz\Desktop\C#\CustomBot\CustomBot)
2021-02-19 10:57:25.467  INFO 17200 --- [main] lavalink.server.Launcher                 : No active profile set, falling back to default profiles: default
2021-02-19 10:57:25.533  WARN 17200 --- [background-preinit] o.s.h.c.j.Jackson2ObjectMapperBuilder    : For Jackson Kotlin classes support please add "com.fasterxml.jackson.module:jackson-module-kotlin" to the classpath
2021-02-19 10:57:26.232  WARN 17200 --- [main] io.undertow.websockets.jsr               : UT026010: Buffer pool was not set on WebSocketDeploymentInfo, the default pool will be used
2021-02-19 10:57:26.253  INFO 17200 --- [main] io.undertow.servlet                      : Initializing Spring embedded WebApplicationContext
2021-02-19 10:57:26.253  INFO 17200 --- [main] o.s.web.context.ContextLoader            : Root WebApplicationContext: initialization completed in 752 ms
2021-02-19 10:57:26.497  WARN 17200 --- [main] l.server.config.SentryConfiguration      : Turning off sentry
2021-02-19 10:57:26.698  INFO 17200 --- [main] c.s.d.l.tools.GarbageCollectionMonitor   : GC monitoring enabled, reporting results every 2 minutes.
2021-02-19 10:57:26.832  INFO 17200 --- [main] lavalink.server.config.KoeConfiguration  : OS: Windows 10, Arch: amd64
2021-02-19 10:57:26.833  WARN 17200 --- [main] lavalink.server.config.KoeConfiguration  : This system and architecture appears to not support native audio sending! GC pauses may cause your bot to stutter during playback.
2021-02-19 10:57:26.988  INFO 17200 --- [main] o.s.s.concurrent.ThreadPoolTaskExecutor  : Initializing ExecutorService 'applicationTaskExecutor'
2021-02-19 10:57:27.157  INFO 17200 --- [main] org.xnio                                 : XNIO version 3.3.8.Final
2021-02-19 10:57:27.164  INFO 17200 --- [main] org.xnio.nio                             : XNIO NIO Implementation Version 3.3.8.Final
2021-02-19 10:57:27.213  INFO 17200 --- [main] o.s.b.w.e.u.UndertowServletWebServer     : Undertow started on port(s) 2333 (http) with context path ''
2021-02-19 10:57:27.216  INFO 17200 --- [main] lavalink.server.Launcher                 : Started Launcher in 2.118 seconds (JVM running for 2.425)
2021-02-19 10:57:27.217  INFO 17200 --- [main] lavalink.server.Launcher                 : You can safely ignore the big red warning about illegal reflection. See https://github.com/Frederikam/Lavalink/issues/295
2021-02-19 11:19:32.790  INFO 12164 --- [main] lavalink.server.Launcher                 : 

[32m       .  [31m _                  _ _       _    [32m__ _ _
[32m      /\\ [31m| | __ ___   ____ _| (_)_ __ | | __[32m\ \ \ \
[32m     ( ( )[31m| |/ _` \ \ / / _` | | | '_ \| |/ /[32m \ \ \ \
[32m      \\/ [31m| | (_| |\ V / (_| | | | | | |   < [32m  ) ) ) )
[32m       '  [31m|_|\__,_| \_/ \__,_|_|_|_| |_|_|\_\[32m / / / /
[0m    =========================================[32m/_/_/_/[0m

	Version:        3943109bb49cd4910e00234f698cc70abd56e13b-SNAPSHOT
	Build:          1163
	Build time:     30.11.2020 11:58:52 UTC
	Branch          master
	Commit:         3943109
	Commit time:    30.11.2020 11:56:14 UTC
	JVM:            15.0.1
	Lavaplayer      1.3.62

2021-02-19 11:19:32.855  INFO 12164 --- [main] lavalink.server.Launcher                 : Starting Launcher on DESKTOP-Q4HKDE5 with PID 12164 (C:\Users\niedz\Desktop\C#\CustomBot\CustomBot\Lavalink.jar started by niedz in C:\Users\niedz\Desktop\C#\CustomBot\CustomBot)
2021-02-19 11:19:32.856  INFO 12164 --- [main] lavalink.server.Launcher                 : No active profile set, falling back to default profiles: default
2021-02-19 11:19:32.930  WARN 12164 --- [background-preinit] o.s.h.c.j.Jackson2ObjectMapperBuilder    : For Jackson Kotlin classes support please add "com.fasterxml.jackson.module:jackson-module-kotlin" to the classpath
2021-02-19 11:19:33.600  WARN 12164 --- [main] io.undertow.websockets.jsr               : UT026010: Buffer pool was not set on WebSocketDeploymentInfo, the default pool will be used
2021-02-19 11:19:33.620  INFO 12164 --- [main] io.undertow.servlet                      : Initializing Spring embedded WebApplicationContext
2021-02-19 11:19:33.620  INFO 12164 --- [main] o.s.web.context.ContextLoader            : Root WebApplicationContext: initialization completed in 733 ms
2021-02-19 11:19:33.864  WARN 12164 --- [main] l.server.config.SentryConfiguration      : Turning off sentry
2021-02-19 11:19:34.070  INFO 12164 --- [main] c.s.d.l.tools.GarbageCollectionMonitor   : GC monitoring enabled, reporting results every 2 minutes.
2021-02-19 11:19:34.210  INFO 12164 --- [main] lavalink.server.config.KoeConfiguration  : OS: Windows 10, Arch: amd64
2021-02-19 11:19:34.211  WARN 12164 --- [main] lavalink.server.config.KoeConfiguration  : This system and architecture appears to not support native audio sending! GC pauses may cause your bot to stutter during playback.
2021-02-19 11:19:34.369  INFO 12164 --- [main] o.s.s.concurrent.ThreadPoolTaskExecutor  : Initializing ExecutorService 'applicationTaskExecutor'
2021-02-19 11:19:34.534  INFO 12164 --- [main] org.xnio                                 : XNIO version 3.3.8.Final
2021-02-19 11:19:34.541  INFO 12164 --- [main] org.xnio.nio                             : XNIO NIO Implementation Version 3.3.8.Final
2021-02-19 11:19:34.587  INFO 12164 --- [main] o.s.b.w.e.u.UndertowServletWebServer     : Undertow started on port(s) 2333 (http) with context path ''
2021-02-19 11:19:34.590  INFO 12164 --- [main] lavalink.server.Launcher                 : Started Launcher in 2.102 seconds (JVM running for 2.401)
2021-02-19 11:19:34.591  INFO 12164 --- [main] lavalink.server.Launcher                 : You can safely ignore the big red warning about illegal reflection. See https://github.com/Frederikam/Lavalink/issues/295
2021-02-19 11:20:24.658  INFO 17504 --- [main] lavalink.server.Launcher                 : 

[32m       .  [31m _                  _ _       _    [32m__ _ _
[32m      /\\ [31m| | __ ___   ____ _| (_)_ __ | | __[32m\ \ \ \
[32m     ( ( )[31m| |/ _` \ \ / / _` | | | '_ \| |/ /[32m \ \ \ \
[32m      \\/ [31m| | (_| |\ V / (_| | | | | | |   < [32m  ) ) ) )
[32m       '  [31m|_|\__,_| \_/ \__,_|_|_|_| |_|_|\_\[32m / / / /
[0m    =========================================[32m/_/_/_/[0m

	Version:        3943109bb49cd4910e00234f698cc70abd56e13b-SNAPSHOT
	Build:          1163
	Build time:     30.11.2020 11:58:52 UTC
	Branch          master
	Commit:         3943109
	Commit time:    30.11.2020 11:56:14 UTC
	JVM:            15.0.1
	Lavaplayer      1.3.62

2021-02-19 11:20:24.724  INFO 17504 --- [main] lavalink.server.Launcher                 : Starting Launcher on DESKTOP-Q4HKDE5 with PID 17504 (C:\Users\niedz\Desktop\C#\CustomBot\CustomBot\Lavalink.jar started by niedz in C:\Users\niedz\Desktop\C#\CustomBot\CustomBot)
2021-02-19 11:20:24.725  INFO 17504 --- [main] lavalink.server.Launcher                 : No active profile set, falling back to default profiles: default
2021-02-19 11:20:24.789  WARN 17504 --- [background-preinit] o.s.h.c.j.Jackson2ObjectMapperBuilder    : For Jackson Kotlin classes support please add "com.fasterxml.jackson.module:jackson-module-kotlin" to the classpath
2021-02-19 11:20:25.480  WARN 17504 --- [main] io.undertow.websockets.jsr               : UT026010: Buffer pool was not set on WebSocketDeploymentInfo, the default pool will be used
2021-02-19 11:20:25.499  INFO 17504 --- [main] io.undertow.servlet                      : Initializing Spring embedded WebApplicationContext
2021-02-19 11:20:25.499  INFO 17504 --- [main] o.s.web.context.ContextLoader            : Root WebApplicationContext: initialization completed in 744 ms
2021-02-19 11:20:25.761  WARN 17504 --- [main] l.server.config.SentryConfiguration      : Turning off sentry
2021-02-19 11:20:25.964  INFO 17504 --- [main] c.s.d.l.tools.GarbageCollectionMonitor   : GC monitoring enabled, reporting results every 2 minutes.
2021-02-19 11:20:26.104  INFO 17504 --- [main] lavalink.server.config.KoeConfiguration  : OS: Windows 10, Arch: amd64
2021-02-19 11:20:26.104  WARN 17504 --- [main] lavalink.server.config.KoeConfiguration  : This system and architecture appears to not support native audio sending! GC pauses may cause your bot to stutter during playback.
2021-02-19 11:20:26.264  INFO 17504 --- [main] o.s.s.concurrent.ThreadPoolTaskExecutor  : Initializing ExecutorService 'applicationTaskExecutor'
2021-02-19 11:20:26.441  INFO 17504 --- [main] org.xnio                                 : XNIO version 3.3.8.Final
2021-02-19 11:20:26.449  INFO 17504 --- [main] org.xnio.nio                             : XNIO NIO Implementation Version 3.3.8.Final
2021-02-19 11:20:26.489  INFO 17504 --- [main] o.s.b.w.e.u.UndertowServletWebServer     : Undertow started on port(s) 2333 (http) with context path ''
2021-02-19 11:20:26.493  INFO 17504 --- [main] lavalink.server.Launcher                 : Started Launcher in 2.135 seconds (JVM running for 2.441)
2021-02-19 11:20:26.494  INFO 17504 --- [main] lavalink.server.Launcher                 : You can safely ignore the big red warning about illegal reflection. See https://github.com/Frederikam/Lavalink/issues/295
2021-02-19 11:20:43.582  INFO 12144 --- [main] lavalink.server.Launcher                 : 

[32m       .  [31m _                  _ _       _    [32m__ _ _
[32m      /\\ [31m| | __ ___   ____ _| (_)_ __ | | __[32m\ \ \ \
[32m     ( ( )[31m| |/ _` \ \ / / _` | | | '_ \| |/ /[32m \ \ \ \
[32m      \\/ [31m| | (_| |\ V / (_| | | | | | |   < [32m  ) ) ) )
[32m       '  [31m|_|\__,_| \_/ \__,_|_|_|_| |_|_|\_\[32m / / / /
[0m    =========================================[32m/_/_/_/[0m

	Version:        3943109bb49cd4910e00234f698cc70abd56e13b-SNAPSHOT
	Build:          1163
	Build time:     30.11.2020 11:58:52 UTC
	Branch          master
	Commit:         3943109
	Commit time:    30.11.2020 11:56:14 UTC
	JVM:            15.0.1
	Lavaplayer      1.3.62

2021-02-19 11:20:43.649  INFO 12144 --- [main] lavalink.server.Launcher                 : Starting Launcher on DESKTOP-Q4HKDE5 with PID 12144 (C:\Users\niedz\Desktop\C#\CustomBot\CustomBot\Lavalink.jar started by niedz in C:\Users\niedz\Desktop\C#\CustomBot\CustomBot)
2021-02-19 11:20:43.649  INFO 12144 --- [main] lavalink.server.Launcher                 : No active profile set, falling back to default profiles: default
2021-02-19 11:20:43.729  WARN 12144 --- [background-preinit] o.s.h.c.j.Jackson2ObjectMapperBuilder    : For Jackson Kotlin classes support please add "com.fasterxml.jackson.module:jackson-module-kotlin" to the classpath
2021-02-19 11:20:44.436  WARN 12144 --- [main] io.undertow.websockets.jsr               : UT026010: Buffer pool was not set on WebSocketDeploymentInfo, the default pool will be used
2021-02-19 11:20:44.454  INFO 12144 --- [main] io.undertow.servlet                      : Initializing Spring embedded WebApplicationContext
2021-02-19 11:20:44.455  INFO 12144 --- [main] o.s.web.context.ContextLoader            : Root WebApplicationContext: initialization completed in 768 ms
2021-02-19 11:20:44.697  WARN 12144 --- [main] l.server.config.SentryConfiguration      : Turning off sentry
2021-02-19 11:20:44.903  INFO 12144 --- [main] c.s.d.l.tools.GarbageCollectionMonitor   : GC monitoring enabled, reporting results every 2 minutes.
2021-02-19 11:20:45.046  INFO 12144 --- [main] lavalink.server.config.KoeConfiguration  : OS: Windows 10, Arch: amd64
2021-02-19 11:20:45.046  WARN 12144 --- [main] lavalink.server.config.KoeConfiguration  : This system and architecture appears to not support native audio sending! GC pauses may cause your bot to stutter during playback.
2021-02-19 11:20:45.227  INFO 12144 --- [main] o.s.s.concurrent.ThreadPoolTaskExecutor  : Initializing ExecutorService 'applicationTaskExecutor'
2021-02-19 11:20:45.464  INFO 12144 --- [main] org.xnio                                 : XNIO version 3.3.8.Final
2021-02-19 11:20:45.477  INFO 12144 --- [main] org.xnio.nio                             : XNIO NIO Implementation Version 3.3.8.Final
2021-02-19 11:20:45.540  INFO 12144 --- [main] ConditionEvaluationReportLoggingListener : 

Error starting ApplicationContext. To display the conditions report re-run your application with 'debug' enabled.
2021-02-19 11:20:45.544 ERROR 12144 --- [main] lavalink.server.Launcher                 : Application failed

org.springframework.boot.web.server.PortInUseException: Port 2333 is already in use
	at org.springframework.boot.web.embedded.undertow.UndertowServletWebServer.start(UndertowServletWebServer.java:154) ~[spring-boot-2.1.8.RELEASE.jar!/:2.1.8.RELEASE]
	at org.springframework.boot.web.servlet.context.ServletWebServerApplicationContext.startWebServer(ServletWebServerApplicationContext.java:297) ~[spring-boot-2.1.8.RELEASE.jar!/:2.1.8.RELEASE]
	at org.springframework.boot.web.servlet.context.ServletWebServerApplicationContext.finishRefresh(ServletWebServerApplicationContext.java:163) ~[spring-boot-2.1.8.RELEASE.jar!/:2.1.8.RELEASE]
	at org.springframework.context.support.AbstractApplicationContext.refresh(AbstractApplicationContext.java:552) ~[spring-context-5.1.9.RELEASE.jar!/:5.1.9.RELEASE]
	at org.springframework.boot.web.servlet.context.ServletWebServerApplicationContext.refresh(ServletWebServerApplicationContext.java:141) ~[spring-boot-2.1.8.RELEASE.jar!/:2.1.8.RELEASE]
	at org.springframework.boot.SpringApplication.refresh(SpringApplication.java:744) ~[spring-boot-2.1.8.RELEASE.jar!/:2.1.8.RELEASE]
	at org.springframework.boot.SpringApplication.refreshContext(SpringApplication.java:391) ~[spring-boot-2.1.8.RELEASE.jar!/:2.1.8.RELEASE]
	at org.springframework.boot.SpringApplication.run(SpringApplication.java:312) ~[spring-boot-2.1.8.RELEASE.jar!/:2.1.8.RELEASE]
	at lavalink.server.Launcher.main(Launcher.kt:127) ~[classes!/:na]
	at java.base/jdk.internal.reflect.NativeMethodAccessorImpl.invoke0(Native Method) ~[na:na]
	at java.base/jdk.internal.reflect.NativeMethodAccessorImpl.invoke(NativeMethodAccessorImpl.java:64) ~[na:na]
	at java.base/jdk.internal.reflect.DelegatingMethodAccessorImpl.invoke(DelegatingMethodAccessorImpl.java:43) ~[na:na]
	at java.base/java.lang.reflect.Method.invoke(Method.java:564) ~[na:na]
	at org.springframework.boot.loader.MainMethodRunner.run(MainMethodRunner.java:48) ~[Lavalink.jar:na]
	at org.springframework.boot.loader.Launcher.launch(Launcher.java:87) ~[Lavalink.jar:na]
	at org.springframework.boot.loader.Launcher.launch(Launcher.java:51) ~[Lavalink.jar:na]
	at org.springframework.boot.loader.JarLauncher.main(JarLauncher.java:52) ~[Lavalink.jar:na]

2021-02-19 11:20:45.547 ERROR 12144 --- [main] o.s.b.d.LoggingFailureAnalysisReporter   : 

***************************
APPLICATION FAILED TO START
***************************

Description:

Web server failed to start. Port 2333 was already in use.

Action:

Identify and stop the process that's listening on port 2333 or configure this application to listen on another port.

2021-02-19 11:20:45.551  INFO 12144 --- [main] o.s.s.concurrent.ThreadPoolTaskExecutor  : Shutting down ExecutorService 'applicationTaskExecutor'
2021-02-19 11:20:45.552  INFO 12144 --- [main] c.s.d.l.tools.GarbageCollectionMonitor   : GC monitoring disabled.
2021-02-19 11:20:45.815  INFO 8780 --- [main] lavalink.server.Launcher                 : 

[32m       .  [31m _                  _ _       _    [32m__ _ _
[32m      /\\ [31m| | __ ___   ____ _| (_)_ __ | | __[32m\ \ \ \
[32m     ( ( )[31m| |/ _` \ \ / / _` | | | '_ \| |/ /[32m \ \ \ \
[32m      \\/ [31m| | (_| |\ V / (_| | | | | | |   < [32m  ) ) ) )
[32m       '  [31m|_|\__,_| \_/ \__,_|_|_|_| |_|_|\_\[32m / / / /
[0m    =========================================[32m/_/_/_/[0m

	Version:        3943109bb49cd4910e00234f698cc70abd56e13b-SNAPSHOT
	Build:          1163
	Build time:     30.11.2020 11:58:52 UTC
	Branch          master
	Commit:         3943109
	Commit time:    30.11.2020 11:56:14 UTC
	JVM:            15.0.1
	Lavaplayer      1.3.62

2021-02-19 11:20:45.881  INFO 8780 --- [main] lavalink.server.Launcher                 : Starting Launcher on DESKTOP-Q4HKDE5 with PID 8780 (C:\Users\niedz\Desktop\C#\CustomBot\CustomBot\Lavalink.jar started by niedz in C:\Users\niedz\Desktop\C#\CustomBot\CustomBot)
2021-02-19 11:20:45.882  INFO 8780 --- [main] lavalink.server.Launcher                 : No active profile set, falling back to default profiles: default
2021-02-19 11:20:45.953  WARN 8780 --- [background-preinit] o.s.h.c.j.Jackson2ObjectMapperBuilder    : For Jackson Kotlin classes support please add "com.fasterxml.jackson.module:jackson-module-kotlin" to the classpath
2021-02-19 11:20:46.653  WARN 8780 --- [main] io.undertow.websockets.jsr               : UT026010: Buffer pool was not set on WebSocketDeploymentInfo, the default pool will be used
2021-02-19 11:20:46.670  INFO 8780 --- [main] io.undertow.servlet                      : Initializing Spring embedded WebApplicationContext
2021-02-19 11:20:46.671  INFO 8780 --- [main] o.s.web.context.ContextLoader            : Root WebApplicationContext: initialization completed in 749 ms
2021-02-19 11:20:46.911  WARN 8780 --- [main] l.server.config.SentryConfiguration      : Turning off sentry
2021-02-19 11:20:47.116  INFO 8780 --- [main] c.s.d.l.tools.GarbageCollectionMonitor   : GC monitoring enabled, reporting results every 2 minutes.
2021-02-19 11:20:47.254  INFO 8780 --- [main] lavalink.server.config.KoeConfiguration  : OS: Windows 10, Arch: amd64
2021-02-19 11:20:47.254  WARN 8780 --- [main] lavalink.server.config.KoeConfiguration  : This system and architecture appears to not support native audio sending! GC pauses may cause your bot to stutter during playback.
2021-02-19 11:20:47.408  INFO 8780 --- [main] o.s.s.concurrent.ThreadPoolTaskExecutor  : Initializing ExecutorService 'applicationTaskExecutor'
2021-02-19 11:20:47.584  INFO 8780 --- [main] org.xnio                                 : XNIO version 3.3.8.Final
2021-02-19 11:20:47.591  INFO 8780 --- [main] org.xnio.nio                             : XNIO NIO Implementation Version 3.3.8.Final
2021-02-19 11:20:47.634  INFO 8780 --- [main] ConditionEvaluationReportLoggingListener : 

Error starting ApplicationContext. To display the conditions report re-run your application with 'debug' enabled.
2021-02-19 11:20:47.636 ERROR 8780 --- [main] lavalink.server.Launcher                 : Application failed

org.springframework.boot.web.server.PortInUseException: Port 2333 is already in use
	at org.springframework.boot.web.embedded.undertow.UndertowServletWebServer.start(UndertowServletWebServer.java:154) ~[spring-boot-2.1.8.RELEASE.jar!/:2.1.8.RELEASE]
	at org.springframework.boot.web.servlet.context.ServletWebServerApplicationContext.startWebServer(ServletWebServerApplicationContext.java:297) ~[spring-boot-2.1.8.RELEASE.jar!/:2.1.8.RELEASE]
	at org.springframework.boot.web.servlet.context.ServletWebServerApplicationContext.finishRefresh(ServletWebServerApplicationContext.java:163) ~[spring-boot-2.1.8.RELEASE.jar!/:2.1.8.RELEASE]
	at org.springframework.context.support.AbstractApplicationContext.refresh(AbstractApplicationContext.java:552) ~[spring-context-5.1.9.RELEASE.jar!/:5.1.9.RELEASE]
	at org.springframework.boot.web.servlet.context.ServletWebServerApplicationContext.refresh(ServletWebServerApplicationContext.java:141) ~[spring-boot-2.1.8.RELEASE.jar!/:2.1.8.RELEASE]
	at org.springframework.boot.SpringApplication.refresh(SpringApplication.java:744) ~[spring-boot-2.1.8.RELEASE.jar!/:2.1.8.RELEASE]
	at org.springframework.boot.SpringApplication.refreshContext(SpringApplication.java:391) ~[spring-boot-2.1.8.RELEASE.jar!/:2.1.8.RELEASE]
	at org.springframework.boot.SpringApplication.run(SpringApplication.java:312) ~[spring-boot-2.1.8.RELEASE.jar!/:2.1.8.RELEASE]
	at lavalink.server.Launcher.main(Launcher.kt:127) ~[classes!/:na]
	at java.base/jdk.internal.reflect.NativeMethodAccessorImpl.invoke0(Native Method) ~[na:na]
	at java.base/jdk.internal.reflect.NativeMethodAccessorImpl.invoke(NativeMethodAccessorImpl.java:64) ~[na:na]
	at java.base/jdk.internal.reflect.DelegatingMethodAccessorImpl.invoke(DelegatingMethodAccessorImpl.java:43) ~[na:na]
	at java.base/java.lang.reflect.Method.invoke(Method.java:564) ~[na:na]
	at org.springframework.boot.loader.MainMethodRunner.run(MainMethodRunner.java:48) ~[Lavalink.jar:na]
	at org.springframework.boot.loader.Launcher.launch(Launcher.java:87) ~[Lavalink.jar:na]
	at org.springframework.boot.loader.Launcher.launch(Launcher.java:51) ~[Lavalink.jar:na]
	at org.springframework.boot.loader.JarLauncher.main(JarLauncher.java:52) ~[Lavalink.jar:na]

2021-02-19 11:20:47.638 ERROR 8780 --- [main] o.s.b.d.LoggingFailureAnalysisReporter   : 

***************************
APPLICATION FAILED TO START
***************************

Description:

Web server failed to start. Port 2333 was already in use.

Action:

Identify and stop the process that's listening on port 2333 or configure this application to listen on another port.

2021-02-19 11:20:47.641  INFO 8780 --- [main] o.s.s.concurrent.ThreadPoolTaskExecutor  : Shutting down ExecutorService 'applicationTaskExecutor'
2021-02-19 11:20:47.642  INFO 8780 --- [main] c.s.d.l.tools.GarbageCollectionMonitor   : GC monitoring disabled.
2021-02-19 11:21:15.743  INFO 7024 --- [main] lavalink.server.Launcher                 : 

[32m       .  [31m _                  _ _       _    [32m__ _ _
[32m      /\\ [31m| | __ ___   ____ _| (_)_ __ | | __[32m\ \ \ \
[32m     ( ( )[31m| |/ _` \ \ / / _` | | | '_ \| |/ /[32m \ \ \ \
[32m      \\/ [31m| | (_| |\ V / (_| | | | | | |   < [32m  ) ) ) )
[32m       '  [31m|_|\__,_| \_/ \__,_|_|_|_| |_|_|\_\[32m / / / /
[0m    =========================================[32m/_/_/_/[0m

	Version:        3943109bb49cd4910e00234f698cc70abd56e13b-SNAPSHOT
	Build:          1163
	Build time:     30.11.2020 11:58:52 UTC
	Branch          master
	Commit:         3943109
	Commit time:    30.11.2020 11:56:14 UTC
	JVM:            15.0.1
	Lavaplayer      1.3.62

2021-02-19 11:21:15.810  INFO 7024 --- [main] lavalink.server.Launcher                 : Starting Launcher on DESKTOP-Q4HKDE5 with PID 7024 (C:\Users\niedz\Desktop\C#\CustomBot\CustomBot\Lavalink.jar started by niedz in C:\Users\niedz\Desktop\C#\CustomBot\CustomBot)
2021-02-19 11:21:15.810  INFO 7024 --- [main] lavalink.server.Launcher                 : No active profile set, falling back to default profiles: default
2021-02-19 11:21:15.885  WARN 7024 --- [background-preinit] o.s.h.c.j.Jackson2ObjectMapperBuilder    : For Jackson Kotlin classes support please add "com.fasterxml.jackson.module:jackson-module-kotlin" to the classpath
2021-02-19 11:21:16.588  WARN 7024 --- [main] io.undertow.websockets.jsr               : UT026010: Buffer pool was not set on WebSocketDeploymentInfo, the default pool will be used
2021-02-19 11:21:16.608  INFO 7024 --- [main] io.undertow.servlet                      : Initializing Spring embedded WebApplicationContext
2021-02-19 11:21:16.609  INFO 7024 --- [main] o.s.web.context.ContextLoader            : Root WebApplicationContext: initialization completed in 768 ms
2021-02-19 11:21:16.857  WARN 7024 --- [main] l.server.config.SentryConfiguration      : Turning off sentry
2021-02-19 11:21:17.061  INFO 7024 --- [main] c.s.d.l.tools.GarbageCollectionMonitor   : GC monitoring enabled, reporting results every 2 minutes.
2021-02-19 11:21:17.204  INFO 7024 --- [main] lavalink.server.config.KoeConfiguration  : OS: Windows 10, Arch: amd64
2021-02-19 11:21:17.204  WARN 7024 --- [main] lavalink.server.config.KoeConfiguration  : This system and architecture appears to not support native audio sending! GC pauses may cause your bot to stutter during playback.
2021-02-19 11:21:17.370  INFO 7024 --- [main] o.s.s.concurrent.ThreadPoolTaskExecutor  : Initializing ExecutorService 'applicationTaskExecutor'
2021-02-19 11:21:17.548  INFO 7024 --- [main] org.xnio                                 : XNIO version 3.3.8.Final
2021-02-19 11:21:17.556  INFO 7024 --- [main] org.xnio.nio                             : XNIO NIO Implementation Version 3.3.8.Final
2021-02-19 11:21:17.598  INFO 7024 --- [main] ConditionEvaluationReportLoggingListener : 

Error starting ApplicationContext. To display the conditions report re-run your application with 'debug' enabled.
2021-02-19 11:21:17.601 ERROR 7024 --- [main] lavalink.server.Launcher                 : Application failed

org.springframework.boot.web.server.PortInUseException: Port 5001 is already in use
	at org.springframework.boot.web.embedded.undertow.UndertowServletWebServer.start(UndertowServletWebServer.java:154) ~[spring-boot-2.1.8.RELEASE.jar!/:2.1.8.RELEASE]
	at org.springframework.boot.web.servlet.context.ServletWebServerApplicationContext.startWebServer(ServletWebServerApplicationContext.java:297) ~[spring-boot-2.1.8.RELEASE.jar!/:2.1.8.RELEASE]
	at org.springframework.boot.web.servlet.context.ServletWebServerApplicationContext.finishRefresh(ServletWebServerApplicationContext.java:163) ~[spring-boot-2.1.8.RELEASE.jar!/:2.1.8.RELEASE]
	at org.springframework.context.support.AbstractApplicationContext.refresh(AbstractApplicationContext.java:552) ~[spring-context-5.1.9.RELEASE.jar!/:5.1.9.RELEASE]
	at org.springframework.boot.web.servlet.context.ServletWebServerApplicationContext.refresh(ServletWebServerApplicationContext.java:141) ~[spring-boot-2.1.8.RELEASE.jar!/:2.1.8.RELEASE]
	at org.springframework.boot.SpringApplication.refresh(SpringApplication.java:744) ~[spring-boot-2.1.8.RELEASE.jar!/:2.1.8.RELEASE]
	at org.springframework.boot.SpringApplication.refreshContext(SpringApplication.java:391) ~[spring-boot-2.1.8.RELEASE.jar!/:2.1.8.RELEASE]
	at org.springframework.boot.SpringApplication.run(SpringApplication.java:312) ~[spring-boot-2.1.8.RELEASE.jar!/:2.1.8.RELEASE]
	at lavalink.server.Launcher.main(Launcher.kt:127) ~[classes!/:na]
	at java.base/jdk.internal.reflect.NativeMethodAccessorImpl.invoke0(Native Method) ~[na:na]
	at java.base/jdk.internal.reflect.NativeMethodAccessorImpl.invoke(NativeMethodAccessorImpl.java:64) ~[na:na]
	at java.base/jdk.internal.reflect.DelegatingMethodAccessorImpl.invoke(DelegatingMethodAccessorImpl.java:43) ~[na:na]
	at java.base/java.lang.reflect.Method.invoke(Method.java:564) ~[na:na]
	at org.springframework.boot.loader.MainMethodRunner.run(MainMethodRunner.java:48) ~[Lavalink.jar:na]
	at org.springframework.boot.loader.Launcher.launch(Launcher.java:87) ~[Lavalink.jar:na]
	at org.springframework.boot.loader.Launcher.launch(Launcher.java:51) ~[Lavalink.jar:na]
	at org.springframework.boot.loader.JarLauncher.main(JarLauncher.java:52) ~[Lavalink.jar:na]

2021-02-19 11:21:17.604 ERROR 7024 --- [main] o.s.b.d.LoggingFailureAnalysisReporter   : 

***************************
APPLICATION FAILED TO START
***************************

Description:

Web server failed to start. Port 5001 was already in use.

Action:

Identify and stop the process that's listening on port 5001 or configure this application to listen on another port.

2021-02-19 11:21:17.607  INFO 7024 --- [main] o.s.s.concurrent.ThreadPoolTaskExecutor  : Shutting down ExecutorService 'applicationTaskExecutor'
2021-02-19 11:21:17.608  INFO 7024 --- [main] c.s.d.l.tools.GarbageCollectionMonitor   : GC monitoring disabled.
2021-02-19 11:24:00.439  INFO 1972 --- [main] lavalink.server.Launcher                 : 

[32m       .  [31m _                  _ _       _    [32m__ _ _
[32m      /\\ [31m| | __ ___   ____ _| (_)_ __ | | __[32m\ \ \ \
[32m     ( ( )[31m| |/ _` \ \ / / _` | | | '_ \| |/ /[32m \ \ \ \
[32m      \\/ [31m| | (_| |\ V / (_| | | | | | |   < [32m  ) ) ) )
[32m       '  [31m|_|\__,_| \_/ \__,_|_|_|_| |_|_|\_\[32m / / / /
[0m    =========================================[32m/_/_/_/[0m

	Version:        3943109bb49cd4910e00234f698cc70abd56e13b-SNAPSHOT
	Build:          1163
	Build time:     30.11.2020 11:58:52 UTC
	Branch          master
	Commit:         3943109
	Commit time:    30.11.2020 11:56:14 UTC
	JVM:            15.0.1
	Lavaplayer      1.3.62

2021-02-19 11:24:00.506  INFO 1972 --- [main] lavalink.server.Launcher                 : Starting Launcher on DESKTOP-Q4HKDE5 with PID 1972 (C:\Users\niedz\Desktop\C#\CustomBot\CustomBot\Lavalink.jar started by niedz in C:\Users\niedz\Desktop\C#\CustomBot\CustomBot)
2021-02-19 11:24:00.507  INFO 1972 --- [main] lavalink.server.Launcher                 : No active profile set, falling back to default profiles: default
2021-02-19 11:24:00.575  WARN 1972 --- [background-preinit] o.s.h.c.j.Jackson2ObjectMapperBuilder    : For Jackson Kotlin classes support please add "com.fasterxml.jackson.module:jackson-module-kotlin" to the classpath
2021-02-19 11:24:01.272  WARN 1972 --- [main] io.undertow.websockets.jsr               : UT026010: Buffer pool was not set on WebSocketDeploymentInfo, the default pool will be used
2021-02-19 11:24:01.292  INFO 1972 --- [main] io.undertow.servlet                      : Initializing Spring embedded WebApplicationContext
2021-02-19 11:24:01.292  INFO 1972 --- [main] o.s.web.context.ContextLoader            : Root WebApplicationContext: initialization completed in 747 ms
2021-02-19 11:24:01.536  WARN 1972 --- [main] l.server.config.SentryConfiguration      : Turning off sentry
2021-02-19 11:24:01.744  INFO 1972 --- [main] c.s.d.l.tools.GarbageCollectionMonitor   : GC monitoring enabled, reporting results every 2 minutes.
2021-02-19 11:24:01.889  INFO 1972 --- [main] lavalink.server.config.KoeConfiguration  : OS: Windows 10, Arch: amd64
2021-02-19 11:24:01.889  WARN 1972 --- [main] lavalink.server.config.KoeConfiguration  : This system and architecture appears to not support native audio sending! GC pauses may cause your bot to stutter during playback.
2021-02-19 11:24:02.057  INFO 1972 --- [main] o.s.s.concurrent.ThreadPoolTaskExecutor  : Initializing ExecutorService 'applicationTaskExecutor'
2021-02-19 11:24:02.234  INFO 1972 --- [main] org.xnio                                 : XNIO version 3.3.8.Final
2021-02-19 11:24:02.242  INFO 1972 --- [main] org.xnio.nio                             : XNIO NIO Implementation Version 3.3.8.Final
2021-02-19 11:24:02.282  INFO 1972 --- [main] o.s.b.w.e.u.UndertowServletWebServer     : Undertow started on port(s) 2333 (http) with context path ''
2021-02-19 11:24:02.285  INFO 1972 --- [main] lavalink.server.Launcher                 : Started Launcher in 2.162 seconds (JVM running for 2.471)
2021-02-19 11:24:02.286  INFO 1972 --- [main] lavalink.server.Launcher                 : You can safely ignore the big red warning about illegal reflection. See https://github.com/Frederikam/Lavalink/issues/295
2021-02-19 11:28:18.397  INFO 1972 --- [Thread-1] o.s.s.concurrent.ThreadPoolTaskExecutor  : Shutting down ExecutorService 'applicationTaskExecutor'
2021-02-19 11:28:18.399  INFO 1972 --- [Thread-1] c.s.d.l.tools.GarbageCollectionMonitor   : GC monitoring disabled.
2021-02-19 11:28:22.662  INFO 3232 --- [main] lavalink.server.Launcher                 : 

[32m       .  [31m _                  _ _       _    [32m__ _ _
[32m      /\\ [31m| | __ ___   ____ _| (_)_ __ | | __[32m\ \ \ \
[32m     ( ( )[31m| |/ _` \ \ / / _` | | | '_ \| |/ /[32m \ \ \ \
[32m      \\/ [31m| | (_| |\ V / (_| | | | | | |   < [32m  ) ) ) )
[32m       '  [31m|_|\__,_| \_/ \__,_|_|_|_| |_|_|\_\[32m / / / /
[0m    =========================================[32m/_/_/_/[0m

	Version:        3943109bb49cd4910e00234f698cc70abd56e13b-SNAPSHOT
	Build:          1163
	Build time:     30.11.2020 11:58:52 UTC
	Branch          master
	Commit:         3943109
	Commit time:    30.11.2020 11:56:14 UTC
	JVM:            15.0.1
	Lavaplayer      1.3.62

2021-02-19 11:28:22.730  INFO 3232 --- [main] lavalink.server.Launcher                 : Starting Launcher on DESKTOP-Q4HKDE5 with PID 3232 (C:\Users\niedz\Desktop\C#\CustomBot\CustomBot\Lavalink.jar started by niedz in C:\Users\niedz\Desktop\C#\CustomBot\CustomBot)
2021-02-19 11:28:22.731  INFO 3232 --- [main] lavalink.server.Launcher                 : No active profile set, falling back to default profiles: default
2021-02-19 11:28:22.798  WARN 3232 --- [background-preinit] o.s.h.c.j.Jackson2ObjectMapperBuilder    : For Jackson Kotlin classes support please add "com.fasterxml.jackson.module:jackson-module-kotlin" to the classpath
2021-02-19 11:28:23.499  WARN 3232 --- [main] io.undertow.websockets.jsr               : UT026010: Buffer pool was not set on WebSocketDeploymentInfo, the default pool will be used
2021-02-19 11:28:23.518  INFO 3232 --- [main] io.undertow.servlet                      : Initializing Spring embedded WebApplicationContext
2021-02-19 11:28:23.519  INFO 3232 --- [main] o.s.web.context.ContextLoader            : Root WebApplicationContext: initialization completed in 755 ms
2021-02-19 11:28:23.765  WARN 3232 --- [main] l.server.config.SentryConfiguration      : Turning off sentry
2021-02-19 11:28:23.963  INFO 3232 --- [main] c.s.d.l.tools.GarbageCollectionMonitor   : GC monitoring enabled, reporting results every 2 minutes.
2021-02-19 11:28:24.103  INFO 3232 --- [main] lavalink.server.config.KoeConfiguration  : OS: Windows 10, Arch: amd64
2021-02-19 11:28:24.103  WARN 3232 --- [main] lavalink.server.config.KoeConfiguration  : This system and architecture appears to not support native audio sending! GC pauses may cause your bot to stutter during playback.
2021-02-19 11:28:24.260  INFO 3232 --- [main] o.s.s.concurrent.ThreadPoolTaskExecutor  : Initializing ExecutorService 'applicationTaskExecutor'
2021-02-19 11:28:24.422  INFO 3232 --- [main] org.xnio                                 : XNIO version 3.3.8.Final
2021-02-19 11:28:24.440  INFO 3232 --- [main] org.xnio.nio                             : XNIO NIO Implementation Version 3.3.8.Final
2021-02-19 11:28:24.478  INFO 3232 --- [main] o.s.b.w.e.u.UndertowServletWebServer     : Undertow started on port(s) 2333 (http) with context path ''
2021-02-19 11:28:24.481  INFO 3232 --- [main] lavalink.server.Launcher                 : Started Launcher in 2.118 seconds (JVM running for 2.423)
2021-02-19 11:28:24.482  INFO 3232 --- [main] lavalink.server.Launcher                 : You can safely ignore the big red warning about illegal reflection. See https://github.com/Frederikam/Lavalink/issues/295
2021-02-19 11:29:09.793  INFO 10404 --- [main] lavalink.server.Launcher                 : 

[32m       .  [31m _                  _ _       _    [32m__ _ _
[32m      /\\ [31m| | __ ___   ____ _| (_)_ __ | | __[32m\ \ \ \
[32m     ( ( )[31m| |/ _` \ \ / / _` | | | '_ \| |/ /[32m \ \ \ \
[32m      \\/ [31m| | (_| |\ V / (_| | | | | | |   < [32m  ) ) ) )
[32m       '  [31m|_|\__,_| \_/ \__,_|_|_|_| |_|_|\_\[32m / / / /
[0m    =========================================[32m/_/_/_/[0m

	Version:        3943109bb49cd4910e00234f698cc70abd56e13b-SNAPSHOT
	Build:          1163
	Build time:     30.11.2020 11:58:52 UTC
	Branch          master
	Commit:         3943109
	Commit time:    30.11.2020 11:56:14 UTC
	JVM:            15.0.1
	Lavaplayer      1.3.62

2021-02-19 11:29:09.860  INFO 10404 --- [main] lavalink.server.Launcher                 : Starting Launcher on DESKTOP-Q4HKDE5 with PID 10404 (C:\Users\niedz\Desktop\C#\CustomBot\CustomBot\Lavalink.jar started by niedz in C:\Users\niedz\Desktop\C#\CustomBot\CustomBot)
2021-02-19 11:29:09.860  INFO 10404 --- [main] lavalink.server.Launcher                 : No active profile set, falling back to default profiles: default
2021-02-19 11:29:09.933  WARN 10404 --- [background-preinit] o.s.h.c.j.Jackson2ObjectMapperBuilder    : For Jackson Kotlin classes support please add "com.fasterxml.jackson.module:jackson-module-kotlin" to the classpath
2021-02-19 11:29:10.644  WARN 10404 --- [main] io.undertow.websockets.jsr               : UT026010: Buffer pool was not set on WebSocketDeploymentInfo, the default pool will be used
2021-02-19 11:29:10.664  INFO 10404 --- [main] io.undertow.servlet                      : Initializing Spring embedded WebApplicationContext
2021-02-19 11:29:10.664  INFO 10404 --- [main] o.s.web.context.ContextLoader            : Root WebApplicationContext: initialization completed in 773 ms
2021-02-19 11:29:10.905  WARN 10404 --- [main] l.server.config.SentryConfiguration      : Turning off sentry
2021-02-19 11:29:11.105  INFO 10404 --- [main] c.s.d.l.tools.GarbageCollectionMonitor   : GC monitoring enabled, reporting results every 2 minutes.
2021-02-19 11:29:11.244  INFO 10404 --- [main] lavalink.server.config.KoeConfiguration  : OS: Windows 10, Arch: amd64
2021-02-19 11:29:11.245  WARN 10404 --- [main] lavalink.server.config.KoeConfiguration  : This system and architecture appears to not support native audio sending! GC pauses may cause your bot to stutter during playback.
2021-02-19 11:29:11.410  INFO 10404 --- [main] o.s.s.concurrent.ThreadPoolTaskExecutor  : Initializing ExecutorService 'applicationTaskExecutor'
2021-02-19 11:29:11.586  INFO 10404 --- [main] org.xnio                                 : XNIO version 3.3.8.Final
2021-02-19 11:29:11.605  INFO 10404 --- [main] org.xnio.nio                             : XNIO NIO Implementation Version 3.3.8.Final
2021-02-19 11:29:11.644  INFO 10404 --- [main] o.s.b.w.e.u.UndertowServletWebServer     : Undertow started on port(s) 2333 (http) with context path ''
2021-02-19 11:29:11.648  INFO 10404 --- [main] lavalink.server.Launcher                 : Started Launcher in 2.164 seconds (JVM running for 2.473)
2021-02-19 11:29:11.650  INFO 10404 --- [main] lavalink.server.Launcher                 : You can safely ignore the big red warning about illegal reflection. See https://github.com/Frederikam/Lavalink/issues/295
2021-02-19 11:31:30.064  INFO 11156 --- [main] lavalink.server.Launcher                 : 

[32m       .  [31m _                  _ _       _    [32m__ _ _
[32m      /\\ [31m| | __ ___   ____ _| (_)_ __ | | __[32m\ \ \ \
[32m     ( ( )[31m| |/ _` \ \ / / _` | | | '_ \| |/ /[32m \ \ \ \
[32m      \\/ [31m| | (_| |\ V / (_| | | | | | |   < [32m  ) ) ) )
[32m       '  [31m|_|\__,_| \_/ \__,_|_|_|_| |_|_|\_\[32m / / / /
[0m    =========================================[32m/_/_/_/[0m

	Version:        3943109bb49cd4910e00234f698cc70abd56e13b-SNAPSHOT
	Build:          1163
	Build time:     30.11.2020 11:58:52 UTC
	Branch          master
	Commit:         3943109
	Commit time:    30.11.2020 11:56:14 UTC
	JVM:            15.0.1
	Lavaplayer      1.3.62

2021-02-19 11:31:30.132  INFO 11156 --- [main] lavalink.server.Launcher                 : Starting Launcher on DESKTOP-Q4HKDE5 with PID 11156 (C:\Users\niedz\Desktop\C#\CustomBot\CustomBot\Lavalink.jar started by niedz in C:\Users\niedz\Desktop\C#\CustomBot\CustomBot)
2021-02-19 11:31:30.132  INFO 11156 --- [main] lavalink.server.Launcher                 : No active profile set, falling back to default profiles: default
2021-02-19 11:31:30.207  WARN 11156 --- [background-preinit] o.s.h.c.j.Jackson2ObjectMapperBuilder    : For Jackson Kotlin classes support please add "com.fasterxml.jackson.module:jackson-module-kotlin" to the classpath
2021-02-19 11:31:30.892  WARN 11156 --- [main] io.undertow.websockets.jsr               : UT026010: Buffer pool was not set on WebSocketDeploymentInfo, the default pool will be used
2021-02-19 11:31:30.912  INFO 11156 --- [main] io.undertow.servlet                      : Initializing Spring embedded WebApplicationContext
2021-02-19 11:31:30.913  INFO 11156 --- [main] o.s.web.context.ContextLoader            : Root WebApplicationContext: initialization completed in 748 ms
2021-02-19 11:31:31.158  WARN 11156 --- [main] l.server.config.SentryConfiguration      : Turning off sentry
2021-02-19 11:31:31.360  INFO 11156 --- [main] c.s.d.l.tools.GarbageCollectionMonitor   : GC monitoring enabled, reporting results every 2 minutes.
2021-02-19 11:31:31.494  INFO 11156 --- [main] lavalink.server.config.KoeConfiguration  : OS: Windows 10, Arch: amd64
2021-02-19 11:31:31.494  WARN 11156 --- [main] lavalink.server.config.KoeConfiguration  : This system and architecture appears to not support native audio sending! GC pauses may cause your bot to stutter during playback.
2021-02-19 11:31:31.654  INFO 11156 --- [main] o.s.s.concurrent.ThreadPoolTaskExecutor  : Initializing ExecutorService 'applicationTaskExecutor'
2021-02-19 11:31:31.822  INFO 11156 --- [main] org.xnio                                 : XNIO version 3.3.8.Final
2021-02-19 11:31:31.829  INFO 11156 --- [main] org.xnio.nio                             : XNIO NIO Implementation Version 3.3.8.Final
2021-02-19 11:31:31.878  INFO 11156 --- [main] o.s.b.w.e.u.UndertowServletWebServer     : Undertow started on port(s) 2333 (http) with context path ''
2021-02-19 11:31:31.881  INFO 11156 --- [main] lavalink.server.Launcher                 : Started Launcher in 2.119 seconds (JVM running for 2.428)
2021-02-19 11:31:31.883  INFO 11156 --- [main] lavalink.server.Launcher                 : You can safely ignore the big red warning about illegal reflection. See https://github.com/Frederikam/Lavalink/issues/295
2021-02-19 11:51:34.281  INFO 4856 --- [main] lavalink.server.Launcher                 : 

[32m       .  [31m _                  _ _       _    [32m__ _ _
[32m      /\\ [31m| | __ ___   ____ _| (_)_ __ | | __[32m\ \ \ \
[32m     ( ( )[31m| |/ _` \ \ / / _` | | | '_ \| |/ /[32m \ \ \ \
[32m      \\/ [31m| | (_| |\ V / (_| | | | | | |   < [32m  ) ) ) )
[32m       '  [31m|_|\__,_| \_/ \__,_|_|_|_| |_|_|\_\[32m / / / /
[0m    =========================================[32m/_/_/_/[0m

	Version:        3943109bb49cd4910e00234f698cc70abd56e13b-SNAPSHOT
	Build:          1163
	Build time:     30.11.2020 11:58:52 UTC
	Branch          master
	Commit:         3943109
	Commit time:    30.11.2020 11:56:14 UTC
	JVM:            15.0.1
	Lavaplayer      1.3.62

2021-02-19 11:51:34.347  INFO 4856 --- [main] lavalink.server.Launcher                 : Starting Launcher on DESKTOP-Q4HKDE5 with PID 4856 (C:\Users\niedz\Desktop\C#\CustomBot\CustomBot\Lavalink.jar started by niedz in C:\Users\niedz\Desktop\C#\CustomBot\CustomBot)
2021-02-19 11:51:34.348  INFO 4856 --- [main] lavalink.server.Launcher                 : No active profile set, falling back to default profiles: default
2021-02-19 11:51:34.421  WARN 4856 --- [background-preinit] o.s.h.c.j.Jackson2ObjectMapperBuilder    : For Jackson Kotlin classes support please add "com.fasterxml.jackson.module:jackson-module-kotlin" to the classpath
2021-02-19 11:51:35.119  WARN 4856 --- [main] io.undertow.websockets.jsr               : UT026010: Buffer pool was not set on WebSocketDeploymentInfo, the default pool will be used
2021-02-19 11:51:35.138  INFO 4856 --- [main] io.undertow.servlet                      : Initializing Spring embedded WebApplicationContext
2021-02-19 11:51:35.139  INFO 4856 --- [main] o.s.web.context.ContextLoader            : Root WebApplicationContext: initialization completed in 760 ms
2021-02-19 11:51:35.380  WARN 4856 --- [main] l.server.config.SentryConfiguration      : Turning off sentry
2021-02-19 11:51:35.579  INFO 4856 --- [main] c.s.d.l.tools.GarbageCollectionMonitor   : GC monitoring enabled, reporting results every 2 minutes.
2021-02-19 11:51:35.722  INFO 4856 --- [main] lavalink.server.config.KoeConfiguration  : OS: Windows 10, Arch: amd64
2021-02-19 11:51:35.723  WARN 4856 --- [main] lavalink.server.config.KoeConfiguration  : This system and architecture appears to not support native audio sending! GC pauses may cause your bot to stutter during playback.
2021-02-19 11:51:35.879  INFO 4856 --- [main] o.s.s.concurrent.ThreadPoolTaskExecutor  : Initializing ExecutorService 'applicationTaskExecutor'
2021-02-19 11:51:36.047  INFO 4856 --- [main] org.xnio                                 : XNIO version 3.3.8.Final
2021-02-19 11:51:36.066  INFO 4856 --- [main] org.xnio.nio                             : XNIO NIO Implementation Version 3.3.8.Final
2021-02-19 11:51:36.106  INFO 4856 --- [main] o.s.b.w.e.u.UndertowServletWebServer     : Undertow started on port(s) 2333 (http) with context path ''
2021-02-19 11:51:36.109  INFO 4856 --- [main] lavalink.server.Launcher                 : Started Launcher in 2.137 seconds (JVM running for 2.444)
2021-02-19 11:51:36.111  INFO 4856 --- [main] lavalink.server.Launcher                 : You can safely ignore the big red warning about illegal reflection. See https://github.com/Frederikam/Lavalink/issues/295
2021-02-19 11:51:42.722  INFO 4856 --- [XNIO-1 task-1] io.undertow.servlet                      : Initializing Spring DispatcherServlet 'dispatcherServlet'
2021-02-19 11:52:02.539  INFO 4856 --- [XNIO-1 task-1] o.s.web.servlet.DispatcherServlet        : Initializing Servlet 'dispatcherServlet'
2021-02-19 11:52:02.545  INFO 4856 --- [XNIO-1 task-1] o.s.web.servlet.DispatcherServlet        : Completed initialization in 6 ms
2021-02-19 11:52:02.563  INFO 4856 --- [XNIO-1 task-1] l.server.io.HandshakeInterceptorImpl     : Incoming connection from /127.0.0.1:58822
2021-02-19 11:52:02.563  INFO 4856 --- [XNIO-1 task-2] l.server.io.HandshakeInterceptorImpl     : Incoming connection from /127.0.0.1:58840
2021-02-19 11:52:02.607  INFO 4856 --- [XNIO-1 task-2] lavalink.server.io.SocketServer          : Connection successfully established from /127.0.0.1:58840
2021-02-19 11:52:02.607  INFO 4856 --- [XNIO-1 task-1] lavalink.server.io.SocketServer          : Connection successfully established from /127.0.0.1:58822
2021-02-19 11:52:16.025  INFO 4856 --- [XNIO-1 I/O-4] lavalink.server.io.SocketServer          : {"sessionId":"e4ca1cadd7c1af28941ae0b316033ff1","event":{"token":"b847e7f3edc4dbec","guild_id":"693141500342698044","endpoint":"eu-central960.discord.media:443"},"op":"voiceUpdate","guildId":"693141500342698044"}
2021-02-19 11:52:23.552  INFO 4856 --- [XNIO-1 task-3] l.server.player.AudioLoaderRestHandler   : Got request to load for identifier "ytsearch:Alberto Dwutakt"
2021-02-19 11:52:24.334  INFO 4856 --- [lava-daemon-pool-info-loader-2-thread-1] lavalink.server.player.AudioLoader       : No matches found
2021-02-19 11:52:31.962  INFO 4856 --- [XNIO-1 task-5] l.server.player.AudioLoaderRestHandler   : Got request to load for identifier "ytsearch:help"
2021-02-19 11:52:32.548  INFO 4856 --- [lava-daemon-pool-info-loader-2-thread-1] lavalink.server.player.AudioLoader       : Loaded playlist Search results for: help
2021-02-19 11:52:32.563  INFO 4856 --- [XNIO-1 I/O-4] lavalink.server.io.SocketServer          : {"track":"QAAAeAIAE1RoZSBCZWF0bGVzIC0gSGVscCEAC1RoZSBCZWF0bGVzAAAAAAACIuAACzJRX1p6QkdQZHFFAAEAK2h0dHBzOi8vd3d3LnlvdXR1YmUuY29tL3dhdGNoP3Y9MlFfWnpCR1BkcUUAB3lvdXR1YmUAAAAAAAAAAA==","op":"play","guildId":"693141500342698044"}
2021-02-19 11:52:40.680  INFO 4856 --- [XNIO-1 task-7] l.server.player.AudioLoaderRestHandler   : Got request to load for identifier "ytsearch:alberto"
2021-02-19 11:52:41.183  INFO 4856 --- [lava-daemon-pool-info-loader-2-thread-1] lavalink.server.player.AudioLoader       : Loaded playlist Search results for: alberto
2021-02-19 11:52:41.189  INFO 4856 --- [XNIO-1 I/O-4] lavalink.server.io.SocketServer          : {"track":"QAAAkQIAMEFsYmVydG8gLSBEd3V0YWt0IChwcm9kLmJ5IE9MRUsgeCBTYWludCBDYXJkb25hKQAHI0dNMkxUVgAAAAAAAjpQAAtHYWVYbG5OZjJSOAABACtodHRwczovL3d3dy55b3V0dWJlLmNvbS93YXRjaD92PUdhZVhsbk5mMlI4AAd5b3V0dWJlAAAAAAAAAAA=","op":"play","guildId":"693141500342698044"}
2021-02-19 11:53:01.324  INFO 4856 --- [XNIO-1 task-9] l.server.player.AudioLoaderRestHandler   : Got request to load for identifier "ytsearch:deys zly"
2021-02-19 11:53:01.949  INFO 4856 --- [lava-daemon-pool-info-loader-2-thread-1] lavalink.server.player.AudioLoader       : Loaded playlist Search results for: deys zly
2021-02-19 11:53:01.953  INFO 4856 --- [XNIO-1 I/O-4] lavalink.server.io.SocketServer          : {"track":"QAAAgQIAHURleXMgLSBaxYJ5IChwcm9kLiBBcHJpbGpva2UpAApRdWVRdWFsaXR5AAAAAAAD6AAAC20tZ2tCSWhGQkFjAAEAK2h0dHBzOi8vd3d3LnlvdXR1YmUuY29tL3dhdGNoP3Y9bS1na0JJaEZCQWMAB3lvdXR1YmUAAAAAAAAAAA==","op":"play","guildId":"693141500342698044"}
2021-02-19 11:53:06.334  INFO 4856 --- [XNIO-1 task-11] l.server.player.AudioLoaderRestHandler   : Got request to load for identifier "ytsearch:alberto dwutakt"
2021-02-19 11:53:07.043  INFO 4856 --- [lava-daemon-pool-info-loader-2-thread-1] lavalink.server.player.AudioLoader       : Loaded playlist Search results for: alberto dwutakt
2021-02-19 11:53:07.047  INFO 4856 --- [XNIO-1 I/O-4] lavalink.server.io.SocketServer          : {"track":"QAAAkQIAMEFsYmVydG8gLSBEd3V0YWt0IChwcm9kLmJ5IE9MRUsgeCBTYWludCBDYXJkb25hKQAHI0dNMkxUVgAAAAAAAjpQAAtHYWVYbG5OZjJSOAABACtodHRwczovL3d3dy55b3V0dWJlLmNvbS93YXRjaD92PUdhZVhsbk5mMlI4AAd5b3V0dWJlAAAAAAAAAAA=","op":"play","guildId":"693141500342698044"}
2021-02-19 11:54:39.225  INFO 4856 --- [XNIO-1 task-13] l.server.player.AudioLoaderRestHandler   : Got request to load for identifier "ytsearch:deys zly"
2021-02-19 11:54:39.728  INFO 4856 --- [lava-daemon-pool-info-loader-2-thread-1] lavalink.server.player.AudioLoader       : Loaded playlist Search results for: deys zly
2021-02-19 11:54:39.734  INFO 4856 --- [XNIO-1 I/O-4] lavalink.server.io.SocketServer          : {"track":"QAAAgQIAHURleXMgLSBaxYJ5IChwcm9kLiBBcHJpbGpva2UpAApRdWVRdWFsaXR5AAAAAAAD6AAAC20tZ2tCSWhGQkFjAAEAK2h0dHBzOi8vd3d3LnlvdXR1YmUuY29tL3dhdGNoP3Y9bS1na0JJaEZCQWMAB3lvdXR1YmUAAAAAAAAAAA==","op":"play","guildId":"693141500342698044"}
2021-02-19 11:55:11.920  INFO 4856 --- [XNIO-1 I/O-4] lavalink.server.io.SocketServer          : {"op":"stop","guildId":"693141500342698044"}
2021-02-19 11:55:18.547  INFO 4856 --- [XNIO-1 task-15] l.server.player.AudioLoaderRestHandler   : Got request to load for identifier "ytsearch:deys zly"
2021-02-19 11:55:19.046  INFO 4856 --- [lava-daemon-pool-info-loader-2-thread-1] lavalink.server.player.AudioLoader       : Loaded playlist Search results for: deys zly
2021-02-19 11:55:19.051  INFO 4856 --- [XNIO-1 task-17] l.server.player.AudioLoaderRestHandler   : Got request to load for identifier "ytsearch:alberto dwutakt"
2021-02-19 11:55:19.587  INFO 4856 --- [lava-daemon-pool-info-loader-2-thread-1] lavalink.server.player.AudioLoader       : Loaded playlist Search results for: alberto dwutakt
2021-02-19 11:55:19.590  INFO 4856 --- [XNIO-1 I/O-4] lavalink.server.io.SocketServer          : {"track":"QAAAgQIAHURleXMgLSBaxYJ5IChwcm9kLiBBcHJpbGpva2UpAApRdWVRdWFsaXR5AAAAAAAD6AAAC20tZ2tCSWhGQkFjAAEAK2h0dHBzOi8vd3d3LnlvdXR1YmUuY29tL3dhdGNoP3Y9bS1na0JJaEZCQWMAB3lvdXR1YmUAAAAAAAAAAA==","op":"play","guildId":"693141500342698044"}
2021-02-19 11:55:33.750  INFO 4856 --- [XNIO-1 I/O-4] lavalink.server.io.SocketServer          : {"op":"stop","guildId":"693141500342698044"}
2021-02-19 11:55:33.755  INFO 4856 --- [XNIO-1 I/O-4] lavalink.server.io.SocketServer          : {"track":"QAAAkQIAMEFsYmVydG8gLSBEd3V0YWt0IChwcm9kLmJ5IE9MRUsgeCBTYWludCBDYXJkb25hKQAHI0dNMkxUVgAAAAAAAjpQAAtHYWVYbG5OZjJSOAABACtodHRwczovL3d3dy55b3V0dWJlLmNvbS93YXRjaD92PUdhZVhsbk5mMlI4AAd5b3V0dWJlAAAAAAAAAAA=","op":"play","guildId":"693141500342698044"}
2021-02-19 11:57:45.049  INFO 4856 --- [XNIO-1 I/O-4] lavalink.server.io.SocketServer          : Connection closed from /127.0.0.1:58840 -- CloseStatus[code=1006, reason=]
2021-02-19 11:57:45.049  INFO 4856 --- [XNIO-1 I/O-4] lavalink.server.io.SocketContext         : Shutting down 1 playing players.
2021-02-19 11:58:01.872  INFO 4856 --- [XNIO-1 task-19] l.server.io.HandshakeInterceptorImpl     : Incoming connection from /127.0.0.1:59207
2021-02-19 11:58:01.875  INFO 4856 --- [XNIO-1 task-19] lavalink.server.io.SocketServer          : Connection successfully established from /127.0.0.1:59207
2021-02-19 11:58:10.491  INFO 4856 --- [XNIO-1 I/O-11] lavalink.server.io.SocketServer          : Connection closed from /127.0.0.1:59207 -- CloseStatus[code=1006, reason=]
2021-02-19 11:58:10.491  INFO 4856 --- [XNIO-1 I/O-11] lavalink.server.io.SocketContext         : Shutting down 0 playing players.
2021-02-19 11:58:15.267  INFO 4856 --- [XNIO-1 task-20] l.server.io.HandshakeInterceptorImpl     : Incoming connection from /127.0.0.1:59246
2021-02-19 11:58:15.269  INFO 4856 --- [XNIO-1 task-20] lavalink.server.io.SocketServer          : Connection successfully established from /127.0.0.1:59246
2021-02-19 11:58:33.233  INFO 4856 --- [XNIO-1 I/O-2] lavalink.server.io.SocketServer          : {"sessionId":"2a905ababb8ce659b858994702ac97bc","event":{"token":"627e5e17ba7663d1","guild_id":"693141500342698044","endpoint":"eu-central960.discord.media:443"},"op":"voiceUpdate","guildId":"693141500342698044"}
2021-02-19 11:58:38.103  INFO 4856 --- [XNIO-1 task-21] l.server.player.AudioLoaderRestHandler   : Got request to load for identifier "ytsearch:deys zly"
2021-02-19 11:58:38.664  INFO 4856 --- [lava-daemon-pool-info-loader-2-thread-1] lavalink.server.player.AudioLoader       : Loaded playlist Search results for: deys zly
2021-02-19 11:58:38.677  INFO 4856 --- [XNIO-1 task-23] l.server.player.AudioLoaderRestHandler   : Got request to load for identifier "ytsearch:alberto dwutakt"
2021-02-19 11:58:39.159  INFO 4856 --- [lava-daemon-pool-info-loader-2-thread-1] lavalink.server.player.AudioLoader       : Loaded playlist Search results for: alberto dwutakt
2021-02-19 11:58:39.165  INFO 4856 --- [XNIO-1 I/O-2] lavalink.server.io.SocketServer          : {"track":"QAAAgQIAHURleXMgLSBaxYJ5IChwcm9kLiBBcHJpbGpva2UpAApRdWVRdWFsaXR5AAAAAAAD6AAAC20tZ2tCSWhGQkFjAAEAK2h0dHBzOi8vd3d3LnlvdXR1YmUuY29tL3dhdGNoP3Y9bS1na0JJaEZCQWMAB3lvdXR1YmUAAAAAAAAAAA==","op":"play","guildId":"693141500342698044"}
2021-02-19 11:58:52.806  INFO 4856 --- [XNIO-1 I/O-2] lavalink.server.io.SocketServer          : {"op":"stop","guildId":"693141500342698044"}
2021-02-19 11:58:52.807  INFO 4856 --- [XNIO-1 I/O-2] lavalink.server.io.SocketServer          : {"track":"QAAAkQIAMEFsYmVydG8gLSBEd3V0YWt0IChwcm9kLmJ5IE9MRUsgeCBTYWludCBDYXJkb25hKQAHI0dNMkxUVgAAAAAAAjpQAAtHYWVYbG5OZjJSOAABACtodHRwczovL3d3dy55b3V0dWJlLmNvbS93YXRjaD92PUdhZVhsbk5mMlI4AAd5b3V0dWJlAAAAAAAAAAA=","op":"play","guildId":"693141500342698044"}
2021-02-19 11:58:55.667  INFO 4856 --- [XNIO-1 I/O-2] lavalink.server.io.SocketServer          : {"op":"stop","guildId":"693141500342698044"}
2021-02-19 11:59:08.920  INFO 4856 --- [XNIO-1 I/O-2] lavalink.server.io.SocketServer          : {"sessionId":"2a905ababb8ce659b858994702ac97bc","event":{"token":"3d9f1e6bd99eeca7","guild_id":"693141500342698044","endpoint":"eu-central960.discord.media:443"},"op":"voiceUpdate","guildId":"693141500342698044"}
2021-02-19 11:59:11.122  INFO 4856 --- [XNIO-1 task-25] l.server.player.AudioLoaderRestHandler   : Got request to load for identifier "ytsearch:deys zly"
2021-02-19 11:59:11.687  INFO 4856 --- [lava-daemon-pool-info-loader-2-thread-1] lavalink.server.player.AudioLoader       : Loaded playlist Search results for: deys zly
2021-02-19 11:59:11.691  INFO 4856 --- [XNIO-1 task-27] l.server.player.AudioLoaderRestHandler   : Got request to load for identifier "ytsearch:alberto dwutakt"
2021-02-19 11:59:12.239  INFO 4856 --- [lava-daemon-pool-info-loader-2-thread-1] lavalink.server.player.AudioLoader       : Loaded playlist Search results for: alberto dwutakt
2021-02-19 11:59:12.242  INFO 4856 --- [XNIO-1 I/O-2] lavalink.server.io.SocketServer          : {"track":"QAAAgQIAHURleXMgLSBaxYJ5IChwcm9kLiBBcHJpbGpva2UpAApRdWVRdWFsaXR5AAAAAAAD6AAAC20tZ2tCSWhGQkFjAAEAK2h0dHBzOi8vd3d3LnlvdXR1YmUuY29tL3dhdGNoP3Y9bS1na0JJaEZCQWMAB3lvdXR1YmUAAAAAAAAAAA==","op":"play","guildId":"693141500342698044"}
2021-02-19 11:59:28.916  INFO 4856 --- [XNIO-1 I/O-2] lavalink.server.io.SocketServer          : {"op":"stop","guildId":"693141500342698044"}
2021-02-19 11:59:48.623  INFO 4856 --- [XNIO-1 I/O-2] lavalink.server.io.SocketServer          : Connection closed from /127.0.0.1:59246 -- CloseStatus[code=1006, reason=]
2021-02-19 11:59:48.623  INFO 4856 --- [XNIO-1 I/O-2] lavalink.server.io.SocketContext         : Shutting down 0 playing players.
2021-02-19 11:59:52.719  INFO 4856 --- [XNIO-1 task-29] l.server.io.HandshakeInterceptorImpl     : Incoming connection from /127.0.0.1:59346
2021-02-19 11:59:52.721  INFO 4856 --- [XNIO-1 task-29] lavalink.server.io.SocketServer          : Connection successfully established from /127.0.0.1:59346
2021-02-19 12:00:00.153  INFO 4856 --- [XNIO-1 I/O-6] lavalink.server.io.SocketServer          : Connection closed from /127.0.0.1:59346 -- CloseStatus[code=1006, reason=]
2021-02-19 12:00:00.153  INFO 4856 --- [XNIO-1 I/O-6] lavalink.server.io.SocketContext         : Shutting down 0 playing players.
2021-02-19 12:00:05.151  INFO 4856 --- [XNIO-1 task-30] l.server.io.HandshakeInterceptorImpl     : Incoming connection from /127.0.0.1:59384
2021-02-19 12:00:05.153  INFO 4856 --- [XNIO-1 task-30] lavalink.server.io.SocketServer          : Connection successfully established from /127.0.0.1:59384
2021-02-19 12:00:11.453  INFO 4856 --- [XNIO-1 I/O-8] lavalink.server.io.SocketServer          : {"sessionId":"51548b8444639c3fc246900d7b2239f5","event":{"token":"de9b41e6027f2016","guild_id":"693141500342698044","endpoint":"eu-central960.discord.media:443"},"op":"voiceUpdate","guildId":"693141500342698044"}
2021-02-19 12:00:17.232  INFO 4856 --- [XNIO-1 task-31] l.server.player.AudioLoaderRestHandler   : Got request to load for identifier "ytsearch:deys zly"
2021-02-19 12:00:17.734  INFO 4856 --- [lava-daemon-pool-info-loader-2-thread-1] lavalink.server.player.AudioLoader       : Loaded playlist Search results for: deys zly
2021-02-19 12:00:25.452  INFO 4856 --- [XNIO-1 task-33] l.server.player.AudioLoaderRestHandler   : Got request to load for identifier "ytsearch:alberto dwutakt"
2021-02-19 12:00:26.053  INFO 4856 --- [lava-daemon-pool-info-loader-2-thread-1] lavalink.server.player.AudioLoader       : Loaded playlist Search results for: alberto dwutakt
2021-02-19 12:00:26.059  INFO 4856 --- [XNIO-1 I/O-8] lavalink.server.io.SocketServer          : {"track":"QAAAgQIAHURleXMgLSBaxYJ5IChwcm9kLiBBcHJpbGpva2UpAApRdWVRdWFsaXR5AAAAAAAD6AAAC20tZ2tCSWhGQkFjAAEAK2h0dHBzOi8vd3d3LnlvdXR1YmUuY29tL3dhdGNoP3Y9bS1na0JJaEZCQWMAB3lvdXR1YmUAAAAAAAAAAA==","op":"play","guildId":"693141500342698044"}
2021-02-19 12:00:31.660  INFO 4856 --- [XNIO-1 I/O-8] lavalink.server.io.SocketServer          : {"op":"stop","guildId":"693141500342698044"}
2021-02-19 12:00:31.661  INFO 4856 --- [XNIO-1 I/O-8] lavalink.server.io.SocketServer          : {"track":"QAAAkQIAMEFsYmVydG8gLSBEd3V0YWt0IChwcm9kLmJ5IE9MRUsgeCBTYWludCBDYXJkb25hKQAHI0dNMkxUVgAAAAAAAjpQAAtHYWVYbG5OZjJSOAABACtodHRwczovL3d3dy55b3V0dWJlLmNvbS93YXRjaD92PUdhZVhsbk5mMlI4AAd5b3V0dWJlAAAAAAAAAAA=","op":"play","guildId":"693141500342698044"}
2021-02-19 12:00:39.223  INFO 4856 --- [XNIO-1 I/O-8] lavalink.server.io.SocketServer          : {"op":"stop","guildId":"693141500342698044"}
2021-02-19 12:01:25.353  INFO 4856 --- [XNIO-1 I/O-8] lavalink.server.io.SocketServer          : Connection closed from /127.0.0.1:59384 -- CloseStatus[code=1006, reason=]
2021-02-19 12:01:25.354  INFO 4856 --- [XNIO-1 I/O-8] lavalink.server.io.SocketContext         : Shutting down 0 playing players.
2021-02-19 12:07:57.748  INFO 3020 --- [main] lavalink.server.Launcher                 : 

[32m       .  [31m _                  _ _       _    [32m__ _ _
[32m      /\\ [31m| | __ ___   ____ _| (_)_ __ | | __[32m\ \ \ \
[32m     ( ( )[31m| |/ _` \ \ / / _` | | | '_ \| |/ /[32m \ \ \ \
[32m      \\/ [31m| | (_| |\ V / (_| | | | | | |   < [32m  ) ) ) )
[32m       '  [31m|_|\__,_| \_/ \__,_|_|_|_| |_|_|\_\[32m / / / /
[0m    =========================================[32m/_/_/_/[0m

	Version:        3943109bb49cd4910e00234f698cc70abd56e13b-SNAPSHOT
	Build:          1163
	Build time:     30.11.2020 11:58:52 UTC
	Branch          master
	Commit:         3943109
	Commit time:    30.11.2020 11:56:14 UTC
	JVM:            15.0.1
	Lavaplayer      1.3.62

2021-02-19 12:07:57.819  INFO 3020 --- [main] lavalink.server.Launcher                 : Starting Launcher on DESKTOP-Q4HKDE5 with PID 3020 (C:\Users\niedz\Desktop\C#\CustomBot\CustomBot\Lavalink.jar started by niedz in C:\Users\niedz\Desktop\C#\CustomBot\CustomBot)
2021-02-19 12:07:57.820  INFO 3020 --- [main] lavalink.server.Launcher                 : No active profile set, falling back to default profiles: default
2021-02-19 12:07:57.884  WARN 3020 --- [background-preinit] o.s.h.c.j.Jackson2ObjectMapperBuilder    : For Jackson Kotlin classes support please add "com.fasterxml.jackson.module:jackson-module-kotlin" to the classpath
2021-02-19 12:07:58.581  WARN 3020 --- [main] io.undertow.websockets.jsr               : UT026010: Buffer pool was not set on WebSocketDeploymentInfo, the default pool will be used
2021-02-19 12:07:58.601  INFO 3020 --- [main] io.undertow.servlet                      : Initializing Spring embedded WebApplicationContext
2021-02-19 12:07:58.601  INFO 3020 --- [main] o.s.web.context.ContextLoader            : Root WebApplicationContext: initialization completed in 749 ms
2021-02-19 12:07:58.846  WARN 3020 --- [main] l.server.config.SentryConfiguration      : Turning off sentry
2021-02-19 12:07:59.052  INFO 3020 --- [main] c.s.d.l.tools.GarbageCollectionMonitor   : GC monitoring enabled, reporting results every 2 minutes.
2021-02-19 12:07:59.193  INFO 3020 --- [main] lavalink.server.config.KoeConfiguration  : OS: Windows 10, Arch: amd64
2021-02-19 12:07:59.193  WARN 3020 --- [main] lavalink.server.config.KoeConfiguration  : This system and architecture appears to not support native audio sending! GC pauses may cause your bot to stutter during playback.
2021-02-19 12:07:59.362  INFO 3020 --- [main] o.s.s.concurrent.ThreadPoolTaskExecutor  : Initializing ExecutorService 'applicationTaskExecutor'
2021-02-19 12:07:59.545  INFO 3020 --- [main] org.xnio                                 : XNIO version 3.3.8.Final
2021-02-19 12:07:59.552  INFO 3020 --- [main] org.xnio.nio                             : XNIO NIO Implementation Version 3.3.8.Final
2021-02-19 12:07:59.590  INFO 3020 --- [main] o.s.b.w.e.u.UndertowServletWebServer     : Undertow started on port(s) 2333 (http) with context path ''
2021-02-19 12:07:59.593  INFO 3020 --- [main] lavalink.server.Launcher                 : Started Launcher in 2.176 seconds (JVM running for 2.478)
2021-02-19 12:07:59.594  INFO 3020 --- [main] lavalink.server.Launcher                 : You can safely ignore the big red warning about illegal reflection. See https://github.com/Frederikam/Lavalink/issues/295
2021-02-19 12:08:07.505  INFO 3020 --- [XNIO-1 task-1] io.undertow.servlet                      : Initializing Spring DispatcherServlet 'dispatcherServlet'
2021-02-19 12:08:07.505  INFO 3020 --- [XNIO-1 task-1] o.s.web.servlet.DispatcherServlet        : Initializing Servlet 'dispatcherServlet'
2021-02-19 12:08:07.511  INFO 3020 --- [XNIO-1 task-1] o.s.web.servlet.DispatcherServlet        : Completed initialization in 5 ms
2021-02-19 12:08:07.529  INFO 3020 --- [XNIO-1 task-1] l.server.io.HandshakeInterceptorImpl     : Incoming connection from /127.0.0.1:60307
2021-02-19 12:08:07.574  INFO 3020 --- [XNIO-1 task-1] lavalink.server.io.SocketServer          : Connection successfully established from /127.0.0.1:60307
2021-02-19 12:08:09.993  INFO 3020 --- [XNIO-1 task-2] l.server.player.AudioLoaderRestHandler   : Got request to load for identifier "ytsearch:alberto dwutakt"
2021-02-19 12:08:10.835  INFO 3020 --- [lava-daemon-pool-info-loader-2-thread-1] lavalink.server.player.AudioLoader       : Loaded playlist Search results for: alberto dwutakt
2021-02-19 12:08:10.867  INFO 3020 --- [XNIO-1 I/O-7] lavalink.server.io.SocketServer          : {"track":"QAAAkQIAMEFsYmVydG8gLSBEd3V0YWt0IChwcm9kLmJ5IE9MRUsgeCBTYWludCBDYXJkb25hKQAHI0dNMkxUVgAAAAAAAjpQAAtHYWVYbG5OZjJSOAABACtodHRwczovL3d3dy55b3V0dWJlLmNvbS93YXRjaD92PUdhZVhsbk5mMlI4AAd5b3V0dWJlAAAAAAAAAAA=","op":"play","guildId":"693141500342698044"}
2021-02-19 12:08:25.867  INFO 3020 --- [XNIO-1 I/O-7] lavalink.server.io.SocketServer          : {"op":"stop","guildId":"693141500342698044"}
2021-02-19 12:08:32.042  INFO 3020 --- [XNIO-1 task-4] l.server.player.AudioLoaderRestHandler   : Got request to load for identifier "ytsearch:deys zly"
2021-02-19 12:08:32.598  INFO 3020 --- [lava-daemon-pool-info-loader-2-thread-1] lavalink.server.player.AudioLoader       : Loaded playlist Search results for: deys zly
2021-02-19 12:08:35.834  INFO 3020 --- [XNIO-1 task-6] l.server.player.AudioLoaderRestHandler   : Got request to load for identifier "ytsearch:alberto dwutakt"
2021-02-19 12:08:36.345  INFO 3020 --- [lava-daemon-pool-info-loader-2-thread-1] lavalink.server.player.AudioLoader       : Loaded playlist Search results for: alberto dwutakt
2021-02-19 12:08:39.727  INFO 3020 --- [XNIO-1 I/O-7] lavalink.server.io.SocketServer          : {"track":"QAAAgQIAHURleXMgLSBaxYJ5IChwcm9kLiBBcHJpbGpva2UpAApRdWVRdWFsaXR5AAAAAAAD6AAAC20tZ2tCSWhGQkFjAAEAK2h0dHBzOi8vd3d3LnlvdXR1YmUuY29tL3dhdGNoP3Y9bS1na0JJaEZCQWMAB3lvdXR1YmUAAAAAAAAAAA==","op":"play","guildId":"693141500342698044"}
2021-02-19 12:09:34.392  INFO 12568 --- [main] lavalink.server.Launcher                 : 

[32m       .  [31m _                  _ _       _    [32m__ _ _
[32m      /\\ [31m| | __ ___   ____ _| (_)_ __ | | __[32m\ \ \ \
[32m     ( ( )[31m| |/ _` \ \ / / _` | | | '_ \| |/ /[32m \ \ \ \
[32m      \\/ [31m| | (_| |\ V / (_| | | | | | |   < [32m  ) ) ) )
[32m       '  [31m|_|\__,_| \_/ \__,_|_|_|_| |_|_|\_\[32m / / / /
[0m    =========================================[32m/_/_/_/[0m

	Version:        3943109bb49cd4910e00234f698cc70abd56e13b-SNAPSHOT
	Build:          1163
	Build time:     30.11.2020 11:58:52 UTC
	Branch          master
	Commit:         3943109
	Commit time:    30.11.2020 11:56:14 UTC
	JVM:            15.0.1
	Lavaplayer      1.3.62

2021-02-19 12:09:34.463  INFO 12568 --- [main] lavalink.server.Launcher                 : Starting Launcher on DESKTOP-Q4HKDE5 with PID 12568 (C:\Users\niedz\Desktop\C#\CustomBot\CustomBot\Lavalink.jar started by niedz in C:\Users\niedz\Desktop\C#\CustomBot\CustomBot)
2021-02-19 12:09:34.463  INFO 12568 --- [main] lavalink.server.Launcher                 : No active profile set, falling back to default profiles: default
2021-02-19 12:09:34.526  WARN 12568 --- [background-preinit] o.s.h.c.j.Jackson2ObjectMapperBuilder    : For Jackson Kotlin classes support please add "com.fasterxml.jackson.module:jackson-module-kotlin" to the classpath
2021-02-19 12:09:35.235  WARN 12568 --- [main] io.undertow.websockets.jsr               : UT026010: Buffer pool was not set on WebSocketDeploymentInfo, the default pool will be used
2021-02-19 12:09:35.255  INFO 12568 --- [main] io.undertow.servlet                      : Initializing Spring embedded WebApplicationContext
2021-02-19 12:09:35.255  INFO 12568 --- [main] o.s.web.context.ContextLoader            : Root WebApplicationContext: initialization completed in 762 ms
2021-02-19 12:09:35.497  WARN 12568 --- [main] l.server.config.SentryConfiguration      : Turning off sentry
2021-02-19 12:09:35.709  INFO 12568 --- [main] c.s.d.l.tools.GarbageCollectionMonitor   : GC monitoring enabled, reporting results every 2 minutes.
2021-02-19 12:09:35.851  INFO 12568 --- [main] lavalink.server.config.KoeConfiguration  : OS: Windows 10, Arch: amd64
2021-02-19 12:09:35.851  WARN 12568 --- [main] lavalink.server.config.KoeConfiguration  : This system and architecture appears to not support native audio sending! GC pauses may cause your bot to stutter during playback.
2021-02-19 12:09:36.012  INFO 12568 --- [main] o.s.s.concurrent.ThreadPoolTaskExecutor  : Initializing ExecutorService 'applicationTaskExecutor'
2021-02-19 12:09:36.193  INFO 12568 --- [main] org.xnio                                 : XNIO version 3.3.8.Final
2021-02-19 12:09:36.202  INFO 12568 --- [main] org.xnio.nio                             : XNIO NIO Implementation Version 3.3.8.Final
2021-02-19 12:09:36.245  INFO 12568 --- [main] o.s.b.w.e.u.UndertowServletWebServer     : Undertow started on port(s) 2333 (http) with context path ''
2021-02-19 12:09:36.248  INFO 12568 --- [main] lavalink.server.Launcher                 : Started Launcher in 2.174 seconds (JVM running for 2.479)
2021-02-19 12:09:36.250  INFO 12568 --- [main] lavalink.server.Launcher                 : You can safely ignore the big red warning about illegal reflection. See https://github.com/Frederikam/Lavalink/issues/295
2021-02-19 12:09:42.126  INFO 12568 --- [XNIO-1 task-1] io.undertow.servlet                      : Initializing Spring DispatcherServlet 'dispatcherServlet'
2021-02-19 12:09:42.127  INFO 12568 --- [XNIO-1 task-1] o.s.web.servlet.DispatcherServlet        : Initializing Servlet 'dispatcherServlet'
2021-02-19 12:09:42.138  INFO 12568 --- [XNIO-1 task-1] o.s.web.servlet.DispatcherServlet        : Completed initialization in 9 ms
2021-02-19 12:09:42.156  INFO 12568 --- [XNIO-1 task-1] l.server.io.HandshakeInterceptorImpl     : Incoming connection from /127.0.0.1:60553
2021-02-19 12:09:42.202  INFO 12568 --- [XNIO-1 task-1] lavalink.server.io.SocketServer          : Connection successfully established from /127.0.0.1:60553
2021-02-19 12:10:48.610  INFO 12568 --- [XNIO-1 I/O-1] lavalink.server.io.SocketServer          : {"sessionId":"9301e39aa80ee2ab5fa6f8a7281b7ae1","event":{"token":"3d9e00c29ea76004","guild_id":"693141500342698044","endpoint":"eu-central960.discord.media:443"},"op":"voiceUpdate","guildId":"693141500342698044"}
2021-02-19 12:10:53.390  INFO 12568 --- [XNIO-1 task-2] l.server.player.AudioLoaderRestHandler   : Got request to load for identifier "ytsearch:alberto dwutakt"
2021-02-19 12:10:54.185  INFO 12568 --- [lava-daemon-pool-info-loader-2-thread-1] lavalink.server.player.AudioLoader       : Loaded playlist Search results for: alberto dwutakt
2021-02-19 12:10:54.215  INFO 12568 --- [XNIO-1 I/O-1] lavalink.server.io.SocketServer          : {"track":"QAAAkQIAMEFsYmVydG8gLSBEd3V0YWt0IChwcm9kLmJ5IE9MRUsgeCBTYWludCBDYXJkb25hKQAHI0dNMkxUVgAAAAAAAjpQAAtHYWVYbG5OZjJSOAABACtodHRwczovL3d3dy55b3V0dWJlLmNvbS93YXRjaD92PUdhZVhsbk5mMlI4AAd5b3V0dWJlAAAAAAAAAAA=","op":"play","guildId":"693141500342698044"}
2021-02-19 12:11:01.698  INFO 12568 --- [XNIO-1 task-4] l.server.player.AudioLoaderRestHandler   : Got request to load for identifier "ytsearch:deys zly"
2021-02-19 12:11:02.256  INFO 12568 --- [lava-daemon-pool-info-loader-2-thread-1] lavalink.server.player.AudioLoader       : Loaded playlist Search results for: deys zly
2021-02-19 12:11:02.263  INFO 12568 --- [XNIO-1 task-6] l.server.player.AudioLoaderRestHandler   : Got request to load for identifier "ytsearch:alberto dwutakt"
2021-02-19 12:11:02.836  INFO 12568 --- [lava-daemon-pool-info-loader-2-thread-1] lavalink.server.player.AudioLoader       : Loaded playlist Search results for: alberto dwutakt
2021-02-19 12:11:02.841  INFO 12568 --- [XNIO-1 I/O-1] lavalink.server.io.SocketServer          : {"track":"QAAAgQIAHURleXMgLSBaxYJ5IChwcm9kLiBBcHJpbGpva2UpAApRdWVRdWFsaXR5AAAAAAAD6AAAC20tZ2tCSWhGQkFjAAEAK2h0dHBzOi8vd3d3LnlvdXR1YmUuY29tL3dhdGNoP3Y9bS1na0JJaEZCQWMAB3lvdXR1YmUAAAAAAAAAAA==","op":"play","guildId":"693141500342698044"}
2021-02-19 12:11:15.687  INFO 12568 --- [XNIO-1 I/O-1] lavalink.server.io.SocketServer          : {"op":"stop","guildId":"693141500342698044"}
2021-02-19 12:11:15.688  INFO 12568 --- [XNIO-1 I/O-1] lavalink.server.io.SocketServer          : {"track":"QAAAkQIAMEFsYmVydG8gLSBEd3V0YWt0IChwcm9kLmJ5IE9MRUsgeCBTYWludCBDYXJkb25hKQAHI0dNMkxUVgAAAAAAAjpQAAtHYWVYbG5OZjJSOAABACtodHRwczovL3d3dy55b3V0dWJlLmNvbS93YXRjaD92PUdhZVhsbk5mMlI4AAd5b3V0dWJlAAAAAAAAAAA=","op":"play","guildId":"693141500342698044"}
2021-02-19 12:13:16.976  INFO 12568 --- [XNIO-1 I/O-1] lavalink.server.io.SocketServer          : Connection closed from /127.0.0.1:60553 -- CloseStatus[code=1006, reason=]
2021-02-19 12:13:16.976  INFO 12568 --- [XNIO-1 I/O-1] lavalink.server.io.SocketContext         : Shutting down 1 playing players.
2021-02-19 12:13:32.455  INFO 12568 --- [XNIO-1 task-8] l.server.io.HandshakeInterceptorImpl     : Incoming connection from /127.0.0.1:60764
2021-02-19 12:13:32.457  INFO 12568 --- [XNIO-1 task-8] lavalink.server.io.SocketServer          : Connection successfully established from /127.0.0.1:60764
2021-02-19 12:13:39.356  INFO 12568 --- [XNIO-1 I/O-8] lavalink.server.io.SocketServer          : {"sessionId":"a9a9ac913c8507c3a12185bccf3482e2","event":{"token":"92729dc87066a184","guild_id":"693141500342698044","endpoint":"eu-central960.discord.media:443"},"op":"voiceUpdate","guildId":"693141500342698044"}
2021-02-19 12:13:45.759  INFO 12568 --- [XNIO-1 task-9] l.server.player.AudioLoaderRestHandler   : Got request to load for identifier "ytsearch:quebonafide teen kasia"
2021-02-19 12:13:46.355  INFO 12568 --- [lava-daemon-pool-info-loader-2-thread-1] lavalink.server.player.AudioLoader       : Loaded playlist Search results for: quebonafide teen kasia
2021-02-19 12:13:46.367  INFO 12568 --- [XNIO-1 I/O-8] lavalink.server.io.SocketServer          : {"track":"QAAAhQIAIVFVRUJPTkFGSURFIFggRk9SWFNUIC0gVEVFTiBLQVNJQQAKUXVlUXVhbGl0eQAAAAAAAknwAAtWcDU1eXhSSUN2awABACtodHRwczovL3d3dy55b3V0dWJlLmNvbS93YXRjaD92PVZwNTV5eFJJQ3ZrAAd5b3V0dWJlAAAAAAAAAAA=","op":"play","guildId":"693141500342698044"}
2021-02-19 12:13:53.074  INFO 12568 --- [XNIO-1 I/O-8] lavalink.server.io.SocketServer          : Connection closed from /127.0.0.1:60764 -- CloseStatus[code=1006, reason=]
2021-02-19 12:13:53.074  INFO 12568 --- [XNIO-1 I/O-8] lavalink.server.io.SocketContext         : Shutting down 1 playing players.
